0 info it worked if it ends with ok
1 verbose cli [ '/Users/Jesse/.nvm/versions/node/v6.2.1/bin/node',
1 verbose cli   '/Users/Jesse/.nvm/versions/node/v6.2.1/bin/npm',
1 verbose cli   'i' ]
2 info using npm@3.9.3
3 info using node@v6.2.1
4 silly loadCurrentTree Starting
5 silly install loadCurrentTree
6 silly install readLocalPackageData
7 silly install normalizeTree
8 silly loadCurrentTree Finishing
9 silly loadIdealTree Starting
10 silly install loadIdealTree
11 silly cloneCurrentTree Starting
12 silly install cloneCurrentTreeToIdealTree
13 silly cloneCurrentTree Finishing
14 silly loadShrinkwrap Starting
15 silly install loadShrinkwrap
16 silly loadShrinkwrap Finishing
17 silly loadAllDepsIntoIdealTree Starting
18 silly install loadAllDepsIntoIdealTree
19 silly fetchNamedPackageData exponent
20 silly mapToRegistry name exponent
21 silly mapToRegistry using default registry
22 silly mapToRegistry registry https://registry.npmjs.org/
23 silly mapToRegistry data Result {
23 silly mapToRegistry   raw: 'exponent',
23 silly mapToRegistry   scope: null,
23 silly mapToRegistry   name: 'exponent',
23 silly mapToRegistry   rawSpec: '',
23 silly mapToRegistry   spec: 'latest',
23 silly mapToRegistry   type: 'tag' }
24 silly mapToRegistry uri https://registry.npmjs.org/exponent
25 silly fetchNamedPackageData react
26 silly mapToRegistry name react
27 silly mapToRegistry using default registry
28 silly mapToRegistry registry https://registry.npmjs.org/
29 silly mapToRegistry data Result {
29 silly mapToRegistry   raw: 'react',
29 silly mapToRegistry   scope: null,
29 silly mapToRegistry   name: 'react',
29 silly mapToRegistry   rawSpec: '',
29 silly mapToRegistry   spec: 'latest',
29 silly mapToRegistry   type: 'tag' }
30 silly mapToRegistry uri https://registry.npmjs.org/react
31 silly fetchOtherPackageData react-native@github:exponentjs/react-native#sdk-10
32 silly cache add args [ 'react-native@github:exponentjs/react-native#sdk-10', null ]
33 verbose cache add spec react-native@github:exponentjs/react-native#sdk-10
34 silly cache add parsed spec Result {
34 silly cache add   raw: 'react-native@github:exponentjs/react-native#sdk-10',
34 silly cache add   scope: null,
34 silly cache add   name: 'react-native',
34 silly cache add   rawSpec: 'github:exponentjs/react-native#sdk-10',
34 silly cache add   spec: 'github:exponentjs/react-native#sdk-10',
34 silly cache add   type: 'hosted',
34 silly cache add   hosted:
34 silly cache add    { type: 'github',
34 silly cache add      ssh: 'git@github.com:exponentjs/react-native.git#sdk-10',
34 silly cache add      sshUrl: 'git+ssh://git@github.com/exponentjs/react-native.git#sdk-10',
34 silly cache add      httpsUrl: 'git+https://github.com/exponentjs/react-native.git#sdk-10',
34 silly cache add      gitUrl: 'git://github.com/exponentjs/react-native.git#sdk-10',
34 silly cache add      shortcut: 'github:exponentjs/react-native#sdk-10',
34 silly cache add      directUrl: 'https://raw.githubusercontent.com/exponentjs/react-native/sdk-10/package.json' } }
35 verbose addRemoteGit caching github:exponentjs/react-native#sdk-10
36 verbose addRemoteGit exponentjs/react-native#sdk-10 is a repository hosted by github
37 silly tryGitProto attempting to clone git://github.com/exponentjs/react-native.git#sdk-10
38 silly tryClone cloning exponentjs/react-native#sdk-10 via git://github.com/exponentjs/react-native.git#sdk-10
39 verbose tryClone git-github-com-exponentjs-react-native-git-sdk-10-da3b7e4e not in flight; caching
40 verbose correctMkdir /Users/Jesse/.npm/_git-remotes correctMkdir not in flight; initializing
41 verbose request uri https://registry.npmjs.org/exponent
42 verbose request no auth needed
43 info attempt registry request try #1 at 7:35:27 PM
44 verbose request using bearer token for auth
45 verbose request id 693e8f73c9f3e817
46 verbose etag "6W005TOMH0OGJV5GOWV0PTBYI"
47 http request GET https://registry.npmjs.org/exponent
48 verbose request uri https://registry.npmjs.org/react
49 verbose request no auth needed
50 info attempt registry request try #1 at 7:35:27 PM
51 verbose request using bearer token for auth
52 verbose etag "AX67WQU09XKRJ2AI2CVWWQI2F"
53 http request GET https://registry.npmjs.org/react
54 info git [ 'clone',
54 info git   '--template=/Users/Jesse/.npm/_git-remotes/_templates',
54 info git   '--mirror',
54 info git   'git://github.com/exponentjs/react-native.git',
54 info git   '/Users/Jesse/.npm/_git-remotes/git-github-com-exponentjs-react-native-git-sdk-10-da3b7e4e' ]
55 http 304 https://registry.npmjs.org/react
56 verbose headers { 'cache-control': 'max-age=300',
56 verbose headers   'accept-ranges': 'bytes',
56 verbose headers   date: 'Sat, 10 Sep 2016 02:35:28 GMT',
56 verbose headers   via: '1.1 varnish',
56 verbose headers   connection: 'keep-alive',
56 verbose headers   'x-served-by': 'cache-sea1922-SEA',
56 verbose headers   'x-cache': 'MISS',
56 verbose headers   'x-cache-hits': '0',
56 verbose headers   'x-timer': 'S1473474928.010312,VS0,VE20',
56 verbose headers   vary: 'Accept-Encoding' }
57 silly get cb [ 304,
57 silly get   { 'cache-control': 'max-age=300',
57 silly get     'accept-ranges': 'bytes',
57 silly get     date: 'Sat, 10 Sep 2016 02:35:28 GMT',
57 silly get     via: '1.1 varnish',
57 silly get     connection: 'keep-alive',
57 silly get     'x-served-by': 'cache-sea1922-SEA',
57 silly get     'x-cache': 'MISS',
57 silly get     'x-cache-hits': '0',
57 silly get     'x-timer': 'S1473474928.010312,VS0,VE20',
57 silly get     vary: 'Accept-Encoding' } ]
58 verbose etag https://registry.npmjs.org/react from cache
59 verbose get saving react to /Users/Jesse/.npm/registry.npmjs.org/react/.cache.json
60 verbose correctMkdir /Users/Jesse/.npm correctMkdir not in flight; initializing
61 http 304 https://registry.npmjs.org/exponent
62 verbose headers { 'cache-control': 'max-age=300',
62 verbose headers   'accept-ranges': 'bytes',
62 verbose headers   date: 'Sat, 10 Sep 2016 02:35:28 GMT',
62 verbose headers   via: '1.1 varnish',
62 verbose headers   connection: 'keep-alive',
62 verbose headers   'x-served-by': 'cache-sea1927-SEA',
62 verbose headers   'x-cache': 'MISS',
62 verbose headers   'x-cache-hits': '0',
62 verbose headers   'x-timer': 'S1473474928.016203,VS0,VE17',
62 verbose headers   vary: 'Accept-Encoding' }
63 silly get cb [ 304,
63 silly get   { 'cache-control': 'max-age=300',
63 silly get     'accept-ranges': 'bytes',
63 silly get     date: 'Sat, 10 Sep 2016 02:35:28 GMT',
63 silly get     via: '1.1 varnish',
63 silly get     connection: 'keep-alive',
63 silly get     'x-served-by': 'cache-sea1927-SEA',
63 silly get     'x-cache': 'MISS',
63 silly get     'x-cache-hits': '0',
63 silly get     'x-timer': 'S1473474928.016203,VS0,VE17',
63 silly get     vary: 'Accept-Encoding' } ]
64 verbose etag https://registry.npmjs.org/exponent from cache
65 verbose get saving exponent to /Users/Jesse/.npm/registry.npmjs.org/exponent/.cache.json
66 verbose correctMkdir /Users/Jesse/.npm correctMkdir already in flight; waiting
67 silly fetchNamedPackageData No valid target from cache, forcing network
68 verbose request uri https://registry.npmjs.org/exponent
69 verbose request no auth needed
70 info attempt registry request try #1 at 7:35:28 PM
71 verbose request using bearer token for auth
72 http request GET https://registry.npmjs.org/exponent
73 silly resolveWithNewModule react@15.3.1 checking installable status
74 silly cache add args [ 'react@~15.3.1', null ]
75 verbose cache add spec react@~15.3.1
76 silly cache add parsed spec Result {
76 silly cache add   raw: 'react@~15.3.1',
76 silly cache add   scope: null,
76 silly cache add   name: 'react',
76 silly cache add   rawSpec: '~15.3.1',
76 silly cache add   spec: '>=15.3.1 <15.4.0',
76 silly cache add   type: 'range' }
77 silly addNamed react@>=15.3.1 <15.4.0
78 verbose addNamed ">=15.3.1 <15.4.0" is a valid semver range for react
79 silly addNameRange { name: 'react', range: '>=15.3.1 <15.4.0', hasData: false }
80 silly mapToRegistry name react
81 silly mapToRegistry using default registry
82 silly mapToRegistry registry https://registry.npmjs.org/
83 silly mapToRegistry data Result {
83 silly mapToRegistry   raw: 'react',
83 silly mapToRegistry   scope: null,
83 silly mapToRegistry   name: 'react',
83 silly mapToRegistry   rawSpec: '',
83 silly mapToRegistry   spec: 'latest',
83 silly mapToRegistry   type: 'tag' }
84 silly mapToRegistry uri https://registry.npmjs.org/react
85 verbose addNameRange registry:https://registry.npmjs.org/react not in flight; fetching
86 verbose get https://registry.npmjs.org/react not expired, no request
87 silly addNameRange number 2 { name: 'react', range: '>=15.3.1 <15.4.0', hasData: true }
88 silly addNameRange versions [ 'react',
88 silly addNameRange   [ '0.0.1',
88 silly addNameRange     '0.0.2',
88 silly addNameRange     '0.0.3',
88 silly addNameRange     '0.1.2',
88 silly addNameRange     '0.2.0',
88 silly addNameRange     '0.2.1',
88 silly addNameRange     '0.2.2',
88 silly addNameRange     '0.2.3',
88 silly addNameRange     '0.2.4',
88 silly addNameRange     '0.2.5',
88 silly addNameRange     '0.2.6',
88 silly addNameRange     '0.3.0',
88 silly addNameRange     '0.3.4',
88 silly addNameRange     '0.3.5',
88 silly addNameRange     '0.5.0',
88 silly addNameRange     '0.5.1',
88 silly addNameRange     '0.5.2',
88 silly addNameRange     '0.6.0',
88 silly addNameRange     '0.6.1',
88 silly addNameRange     '0.6.2',
88 silly addNameRange     '0.6.3',
88 silly addNameRange     '0.7.0',
88 silly addNameRange     '0.7.1',
88 silly addNameRange     '0.8.0',
88 silly addNameRange     '0.9.0-rc1',
88 silly addNameRange     '0.9.0',
88 silly addNameRange     '0.10.0-rc1',
88 silly addNameRange     '0.10.0',
88 silly addNameRange     '0.11.0-rc1',
88 silly addNameRange     '0.11.0',
88 silly addNameRange     '0.11.1',
88 silly addNameRange     '0.11.2',
88 silly addNameRange     '0.12.0-rc1',
88 silly addNameRange     '0.12.0',
88 silly addNameRange     '0.12.1',
88 silly addNameRange     '0.12.2',
88 silly addNameRange     '0.13.0-alpha.1',
88 silly addNameRange     '0.13.0-alpha.2',
88 silly addNameRange     '0.13.0-beta.1',
88 silly addNameRange     '0.13.0-beta.2',
88 silly addNameRange     '0.13.0-rc1',
88 silly addNameRange     '0.13.0-rc2',
88 silly addNameRange     '0.13.0',
88 silly addNameRange     '0.13.1',
88 silly addNameRange     '0.13.2',
88 silly addNameRange     '0.13.3',
88 silly addNameRange     '0.14.0-alpha1',
88 silly addNameRange     '0.14.0-alpha2',
88 silly addNameRange     '0.14.0-alpha3',
88 silly addNameRange     '0.14.0-beta1',
88 silly addNameRange     '0.14.0-beta2',
88 silly addNameRange     '0.14.0-beta3',
88 silly addNameRange     '0.14.0-rc1',
88 silly addNameRange     '0.14.0',
88 silly addNameRange     '0.14.1',
88 silly addNameRange     '0.14.2',
88 silly addNameRange     '0.14.3',
88 silly addNameRange     '0.14.4',
88 silly addNameRange     '0.14.5',
88 silly addNameRange     '0.14.6',
88 silly addNameRange     '0.15.0-alpha.1',
88 silly addNameRange     '0.14.7',
88 silly addNameRange     '15.0.0-rc.1',
88 silly addNameRange     '15.0.0-rc.2',
88 silly addNameRange     '0.14.8',
88 silly addNameRange     '15.0.0',
88 silly addNameRange     '15.0.1',
88 silly addNameRange     '15.0.2-alpha.1',
88 silly addNameRange     '15.0.2-alpha.2',
88 silly addNameRange     '15.0.2-alpha.3',
88 silly addNameRange     '15.0.2-alpha.4',
88 silly addNameRange     '15.0.2',
88 silly addNameRange     '15.0.3-alpha.1',
88 silly addNameRange     '15.0.3-alpha.2',
88 silly addNameRange     '15.1.0-alpha.1',
88 silly addNameRange     '15.1.0',
88 silly addNameRange     '15.2.0-rc.1',
88 silly addNameRange     '15.2.0-rc.2',
88 silly addNameRange     '15.2.0',
88 silly addNameRange     '15.2.1',
88 silly addNameRange     '15.3.0-rc.1',
88 silly addNameRange     '15.3.0-rc.2',
88 silly addNameRange     '15.3.0-rc.3',
88 silly addNameRange     '15.3.0',
88 silly addNameRange     '15.3.1-rc.1',
88 silly addNameRange     '15.3.1-rc.2',
88 silly addNameRange     '15.3.1' ] ]
89 silly addNamed react@15.3.1
90 verbose addNamed "15.3.1" is a plain semver version for react
91 silly cache afterAdd react@15.3.1
92 verbose afterAdd /Users/Jesse/.npm/react/15.3.1/package/package.json not in flight; writing
93 verbose correctMkdir /Users/Jesse/.npm correctMkdir not in flight; initializing
94 verbose afterAdd /Users/Jesse/.npm/react/15.3.1/package/package.json written
95 http 200 https://registry.npmjs.org/exponent
96 verbose headers { server: 'CouchDB/1.5.0 (Erlang OTP/R16B03)',
96 verbose headers   etag: '"6W005TOMH0OGJV5GOWV0PTBYI"',
96 verbose headers   'content-type': 'application/json',
96 verbose headers   'content-encoding': 'gzip',
96 verbose headers   'cache-control': 'max-age=300',
96 verbose headers   'transfer-encoding': 'chunked',
96 verbose headers   'accept-ranges': 'bytes',
96 verbose headers   date: 'Sat, 10 Sep 2016 02:35:28 GMT',
96 verbose headers   via: '1.1 varnish',
96 verbose headers   connection: 'keep-alive',
96 verbose headers   'x-served-by': 'cache-sea1922-SEA',
96 verbose headers   'x-cache': 'MISS',
96 verbose headers   'x-cache-hits': '0',
96 verbose headers   'x-timer': 'S1473474928.090830,VS0,VE100',
96 verbose headers   vary: 'Accept-Encoding' }
97 silly get cb [ 200,
97 silly get   { server: 'CouchDB/1.5.0 (Erlang OTP/R16B03)',
97 silly get     etag: '"6W005TOMH0OGJV5GOWV0PTBYI"',
97 silly get     'content-type': 'application/json',
97 silly get     'content-encoding': 'gzip',
97 silly get     'cache-control': 'max-age=300',
97 silly get     'transfer-encoding': 'chunked',
97 silly get     'accept-ranges': 'bytes',
97 silly get     date: 'Sat, 10 Sep 2016 02:35:28 GMT',
97 silly get     via: '1.1 varnish',
97 silly get     connection: 'keep-alive',
97 silly get     'x-served-by': 'cache-sea1922-SEA',
97 silly get     'x-cache': 'MISS',
97 silly get     'x-cache-hits': '0',
97 silly get     'x-timer': 'S1473474928.090830,VS0,VE100',
97 silly get     vary: 'Accept-Encoding' } ]
98 verbose get saving exponent to /Users/Jesse/.npm/registry.npmjs.org/exponent/.cache.json
99 verbose correctMkdir /Users/Jesse/.npm correctMkdir not in flight; initializing
100 silly fetchPackageMetaData Error: No compatible version found: exponent@^10.0.0
100 silly fetchPackageMetaData Valid install targets:
100 silly fetchPackageMetaData 10.0.0-rc1, 10.0.0-rc, 9.0.6, 9.0.5, 9.0.3, 9.0.2, 9.0.1, 9.0.0, 8.0.6, 8.0.5, 8.0.4, 8.0.3, 8.0.2, 8.0.1, 8.0.0, 7.0.1, 7.0.0, 6.0.1, 6.0.0, 0.0.3, 0.0.2, 0.0.1, 0.0.0, 0.0.0-placeholder
100 silly fetchPackageMetaData
100 silly fetchPackageMetaData     at pickVersionFromRegistryDocument (/Users/Jesse/.nvm/versions/node/v6.2.1/lib/node_modules/npm/lib/fetch-package-metadata.js:170:16)
100 silly fetchPackageMetaData     at /Users/Jesse/.nvm/versions/node/v6.2.1/lib/node_modules/npm/node_modules/iferr/index.js:13:50
100 silly fetchPackageMetaData     at /Users/Jesse/.nvm/versions/node/v6.2.1/lib/node_modules/npm/lib/utils/pulse-till-done.js:19:8
100 silly fetchPackageMetaData     at saved (/Users/Jesse/.nvm/versions/node/v6.2.1/lib/node_modules/npm/lib/cache/caching-client.js:174:7)
100 silly fetchPackageMetaData     at /Users/Jesse/.nvm/versions/node/v6.2.1/lib/node_modules/npm/node_modules/graceful-fs/polyfills.js:210:7
100 silly fetchPackageMetaData     at FSReqWrap.oncomplete (fs.js:117:15)
100 silly fetchPackageMetaData  error for exponent@^10.0.0 Error: No compatible version found: exponent@^10.0.0
100 silly fetchPackageMetaData Valid install targets:
100 silly fetchPackageMetaData 10.0.0-rc1, 10.0.0-rc, 9.0.6, 9.0.5, 9.0.3, 9.0.2, 9.0.1, 9.0.0, 8.0.6, 8.0.5, 8.0.4, 8.0.3, 8.0.2, 8.0.1, 8.0.0, 7.0.1, 7.0.0, 6.0.1, 6.0.0, 0.0.3, 0.0.2, 0.0.1, 0.0.0, 0.0.0-placeholder
100 silly fetchPackageMetaData
100 silly fetchPackageMetaData     at pickVersionFromRegistryDocument (/Users/Jesse/.nvm/versions/node/v6.2.1/lib/node_modules/npm/lib/fetch-package-metadata.js:170:16)
100 silly fetchPackageMetaData     at /Users/Jesse/.nvm/versions/node/v6.2.1/lib/node_modules/npm/node_modules/iferr/index.js:13:50
100 silly fetchPackageMetaData     at /Users/Jesse/.nvm/versions/node/v6.2.1/lib/node_modules/npm/lib/utils/pulse-till-done.js:19:8
100 silly fetchPackageMetaData     at saved (/Users/Jesse/.nvm/versions/node/v6.2.1/lib/node_modules/npm/lib/cache/caching-client.js:174:7)
100 silly fetchPackageMetaData     at /Users/Jesse/.nvm/versions/node/v6.2.1/lib/node_modules/npm/node_modules/graceful-fs/polyfills.js:210:7
100 silly fetchPackageMetaData     at FSReqWrap.oncomplete (fs.js:117:15)
101 verbose mirrorRemote exponentjs/react-native#sdk-10 git clone git://github.com/exponentjs/react-native.git
102 verbose correctMkdir /Users/Jesse/.npm/_git-remotes correctMkdir not in flight; initializing
103 verbose setPermissions exponentjs/react-native#sdk-10 set permissions on /Users/Jesse/.npm/_git-remotes/git-github-com-exponentjs-react-native-git-sdk-10-da3b7e4e
104 verbose resolveHead exponentjs/react-native#sdk-10 original treeish: sdk-10
105 info git [ 'rev-list', '-n1', 'sdk-10' ]
106 silly resolveHead exponentjs/react-native#sdk-10 resolved treeish: db88a0381919690c3b91561648c4265005c74105
107 verbose resolveHead exponentjs/react-native#sdk-10 resolved Git URL: git://github.com/exponentjs/react-native.git#db88a0381919690c3b91561648c4265005c74105
108 silly resolveHead Git working directory: /var/folders/1q/kgnqr5lx7qs1cpzssjm0l9sc0000gn/T/npm-48029-92a194f0/git-cache-b75ce5b0/db88a0381919690c3b91561648c4265005c74105
109 info git [ 'clone',
109 info git   '/Users/Jesse/.npm/_git-remotes/git-github-com-exponentjs-react-native-git-sdk-10-da3b7e4e',
109 info git   '/var/folders/1q/kgnqr5lx7qs1cpzssjm0l9sc0000gn/T/npm-48029-92a194f0/git-cache-b75ce5b0/db88a0381919690c3b91561648c4265005c74105' ]
110 verbose cloneResolved exponentjs/react-native#sdk-10 clone Cloning into '/var/folders/1q/kgnqr5lx7qs1cpzssjm0l9sc0000gn/T/npm-48029-92a194f0/git-cache-b75ce5b0/db88a0381919690c3b91561648c4265005c74105'...
110 verbose cloneResolved done.
111 info git [ 'checkout', 'db88a0381919690c3b91561648c4265005c74105' ]
112 verbose checkoutTreeish exponentjs/react-native#sdk-10 checkout Note: checking out 'db88a0381919690c3b91561648c4265005c74105'.
112 verbose checkoutTreeish
112 verbose checkoutTreeish You are in 'detached HEAD' state. You can look around, make experimental
112 verbose checkoutTreeish changes and commit them, and you can discard any commits you make in this
112 verbose checkoutTreeish state without impacting any branches by performing another checkout.
112 verbose checkoutTreeish
112 verbose checkoutTreeish If you want to create a new branch to retain commits you create, you may
112 verbose checkoutTreeish do so (now or later) by using -b with the checkout command again. Example:
112 verbose checkoutTreeish
112 verbose checkoutTreeish   git checkout -b <new-branch-name>
112 verbose checkoutTreeish
112 verbose checkoutTreeish HEAD is now at db88a03... [exp] Undo adding fileHashes and hash to assetPropertyBlacklist, needed for Exponent asset system
113 info git [ 'submodule', '-q', 'update', '--init', '--recursive' ]
114 verbose updateSubmodules exponentjs/react-native#sdk-10 submodule update
115 verbose addLocalDirectory /Users/Jesse/.npm/react-native/0.33.0/package.tgz not in flight; packing
116 verbose correctMkdir /Users/Jesse/.npm correctMkdir not in flight; initializing
117 verbose tar pack [ '/Users/Jesse/.npm/react-native/0.33.0/package.tgz',
117 verbose tar pack   '/var/folders/1q/kgnqr5lx7qs1cpzssjm0l9sc0000gn/T/npm-48029-92a194f0/git-cache-b75ce5b0/db88a0381919690c3b91561648c4265005c74105' ]
118 verbose tarball /Users/Jesse/.npm/react-native/0.33.0/package.tgz
119 verbose folder /var/folders/1q/kgnqr5lx7qs1cpzssjm0l9sc0000gn/T/npm-48029-92a194f0/git-cache-b75ce5b0/db88a0381919690c3b91561648c4265005c74105
120 verbose addLocalTarball adding from inside cache /Users/Jesse/.npm/react-native/0.33.0/package.tgz
121 verbose correctMkdir /Users/Jesse/.npm correctMkdir not in flight; initializing
122 verbose addRemoteGit data._from: exponentjs/react-native#sdk-10
123 verbose addRemoteGit data._resolved: git://github.com/exponentjs/react-native.git#db88a0381919690c3b91561648c4265005c74105
124 silly cache afterAdd react-native@0.33.0
125 verbose afterAdd /Users/Jesse/.npm/react-native/0.33.0/package/package.json not in flight; writing
126 verbose correctMkdir /Users/Jesse/.npm correctMkdir not in flight; initializing
127 verbose afterAdd /Users/Jesse/.npm/react-native/0.33.0/package/package.json written
128 silly resolveWithNewModule react-native@0.33.0 checking installable status
129 silly rollbackFailedOptional Starting
130 silly rollbackFailedOptional Finishing
131 silly runTopLevelLifecycles Starting
132 silly runTopLevelLifecycles Finishing
133 silly install printInstalled
134 verbose stack Error: No compatible version found: exponent@^10.0.0
134 verbose stack Valid install targets:
134 verbose stack 10.0.0-rc1, 10.0.0-rc, 9.0.6, 9.0.5, 9.0.3, 9.0.2, 9.0.1, 9.0.0, 8.0.6, 8.0.5, 8.0.4, 8.0.3, 8.0.2, 8.0.1, 8.0.0, 7.0.1, 7.0.0, 6.0.1, 6.0.0, 0.0.3, 0.0.2, 0.0.1, 0.0.0, 0.0.0-placeholder
134 verbose stack
134 verbose stack     at pickVersionFromRegistryDocument (/Users/Jesse/.nvm/versions/node/v6.2.1/lib/node_modules/npm/lib/fetch-package-metadata.js:170:16)
134 verbose stack     at /Users/Jesse/.nvm/versions/node/v6.2.1/lib/node_modules/npm/node_modules/iferr/index.js:13:50
134 verbose stack     at /Users/Jesse/.nvm/versions/node/v6.2.1/lib/node_modules/npm/lib/utils/pulse-till-done.js:19:8
134 verbose stack     at saved (/Users/Jesse/.nvm/versions/node/v6.2.1/lib/node_modules/npm/lib/cache/caching-client.js:174:7)
134 verbose stack     at /Users/Jesse/.nvm/versions/node/v6.2.1/lib/node_modules/npm/node_modules/graceful-fs/polyfills.js:210:7
134 verbose stack     at FSReqWrap.oncomplete (fs.js:117:15)
135 verbose cwd /Users/Jesse/Exponent/newuniverse/universe/apps/new-project-template
136 error Darwin 14.5.0
137 error argv "/Users/Jesse/.nvm/versions/node/v6.2.1/bin/node" "/Users/Jesse/.nvm/versions/node/v6.2.1/bin/npm" "i"
138 error node v6.2.1
139 error npm  v3.9.3
140 error No compatible version found: exponent@^10.0.0
140 error Valid install targets:
140 error 10.0.0-rc1, 10.0.0-rc, 9.0.6, 9.0.5, 9.0.3, 9.0.2, 9.0.1, 9.0.0, 8.0.6, 8.0.5, 8.0.4, 8.0.3, 8.0.2, 8.0.1, 8.0.0, 7.0.1, 7.0.0, 6.0.1, 6.0.0, 0.0.3, 0.0.2, 0.0.1, 0.0.0, 0.0.0-placeholder
141 error If you need help, you may report this error at:
141 error     <https://github.com/npm/npm/issues>
142 verbose exit [ 1, true ]
